Using pre-set license
Built from '2020.3/staging' branch; Version is '2020.3.25f1 (9b9180224418) revision 10195328'; Using compiler version '192528614'; Build Type 'Release'
OS: 'Windows 10  (10.0.18363) 64bit Professional' Language: 'zh' Physical Memory: 16319 MB
BatchMode: 1, IsHumanControllingUs: 0, StartBugReporterOnCrash: 0, Is64bit: 1, IsPro: 0

COMMAND LINE ARGUMENTS:
C:\Program Files\Unity\Hub\Editor\2020.3.25f1\Editor\Unity.exe
-adb2
-batchMode
-noUpm
-name
AssetImportWorker0
-projectPath
C:/Jones/Unity-2DRunning/2D-Running-20211218
-logFile
Logs/AssetImportWorker0.log
-srvPort
58537
Successfully changed project path to: C:/Jones/Unity-2DRunning/2D-Running-20211218
C:/Jones/Unity-2DRunning/2D-Running-20211218
Using Asset Import Pipeline V2.
Refreshing native plugins compatible for Editor in 47.31 ms, found 3 plugins.
Preloading 0 native plugins for Editor in 0.00 ms.
Initialize engine version: 2020.3.25f1 (9b9180224418)
[Subsystems] Discovering subsystems at path C:/Program Files/Unity/Hub/Editor/2020.3.25f1/Editor/Data/Resources/UnitySubsystems
[Subsystems] Discovering subsystems at path C:/Jones/Unity-2DRunning/2D-Running-20211218/Assets
GfxDevice: creating device client; threaded=0
Direct3D:
    Version:  Direct3D 11.0 [level 11.1]
    Renderer: NVIDIA Quadro P620 (ID=0x1cb6)
    Vendor:   
    VRAM:     1977 MB
    Driver:   30.0.14.7247
Initialize mono
Mono path[0] = 'C:/Program Files/Unity/Hub/Editor/2020.3.25f1/Editor/Data/Managed'
Mono path[1] = 'C:/Program Files/Unity/Hub/Editor/2020.3.25f1/Editor/Data/MonoBleedingEdge/lib/mono/unityjit'
Mono config path = 'C:/Program Files/Unity/Hub/Editor/2020.3.25f1/Editor/Data/MonoBleedingEdge/etc'
Using monoOptions --debugger-agent=transport=dt_socket,embedding=1,server=y,suspend=n,address=127.0.0.1:56520
Begin MonoManager ReloadAssembly
Registering precompiled unity dll's ...
Register platform support module: C:/Program Files/Unity/Hub/Editor/2020.3.25f1/Editor/Data/PlaybackEngines/WindowsStandaloneSupport/UnityEditor.WindowsStandalone.Extensions.dll
Registered in 0.001345 seconds.
Native extension for WindowsStandalone target not found
Refreshing native plugins compatible for Editor in 47.61 ms, found 3 plugins.
Preloading 0 native plugins for Editor in 0.00 ms.
Unable to find bridge dll in registry for Microsoft Visual Studio Tools for Unity for C:\Program Files (x86)\Microsoft Visual Studio\2019\Community\Common7\IDE\devenv.exe
Mono: successfully reloaded assembly
- Completed reload, in  0.569 seconds
Domain Reload Profiling:
	ReloadAssembly (569ms)
		BeginReloadAssembly (48ms)
			ExecutionOrderSort (0ms)
			DisableScriptedObjects (0ms)
			BackupInstance (0ms)
			ReleaseScriptingObjects (0ms)
			CreateAndSetChildDomain (1ms)
		EndReloadAssembly (455ms)
			LoadAssemblies (46ms)
			RebuildTransferFunctionScriptingTraits (0ms)
			SetupTypeCache (152ms)
			ReleaseScriptCaches (0ms)
			RebuildScriptCaches (31ms)
			SetupLoadedEditorAssemblies (173ms)
				LogAssemblyErrors (0ms)
				InitializePlatformSupportModulesInManaged (5ms)
				SetLoadedEditorAssemblies (0ms)
				RefreshPlugins (48ms)
				BeforeProcessingInitializeOnLoad (14ms)
				ProcessInitializeOnLoadAttributes (79ms)
				ProcessInitializeOnLoadMethodAttributes (27ms)
				AfterProcessingInitializeOnLoad (0ms)
				EditorAssembliesLoaded (0ms)
			ExecutionOrderSort2 (0ms)
			AwakeInstancesAfterBackupRestoration (0ms)
Platform modules already initialized, skipping
Registering precompiled user dll's ...
Registered in 0.005037 seconds.
Begin MonoManager ReloadAssembly
Native extension for WindowsStandalone target not found
Refreshing native plugins compatible for Editor in 44.27 ms, found 3 plugins.
Preloading 0 native plugins for Editor in 0.00 ms.
Mono: successfully reloaded assembly
- Completed reload, in  1.098 seconds
Domain Reload Profiling:
	ReloadAssembly (1099ms)
		BeginReloadAssembly (138ms)
			ExecutionOrderSort (0ms)
			DisableScriptedObjects (4ms)
			BackupInstance (0ms)
			ReleaseScriptingObjects (0ms)
			CreateAndSetChildDomain (19ms)
		EndReloadAssembly (901ms)
			LoadAssemblies (88ms)
			RebuildTransferFunctionScriptingTraits (0ms)
			SetupTypeCache (305ms)
			ReleaseScriptCaches (0ms)
			RebuildScriptCaches (47ms)
			SetupLoadedEditorAssemblies (335ms)
				LogAssemblyErrors (0ms)
				InitializePlatformSupportModulesInManaged (4ms)
				SetLoadedEditorAssemblies (0ms)
				RefreshPlugins (44ms)
				BeforeProcessingInitializeOnLoad (79ms)
				ProcessInitializeOnLoadAttributes (187ms)
				ProcessInitializeOnLoadMethodAttributes (15ms)
				AfterProcessingInitializeOnLoad (5ms)
				EditorAssembliesLoaded (0ms)
			ExecutionOrderSort2 (0ms)
			AwakeInstancesAfterBackupRestoration (6ms)
Platform modules already initialized, skipping
========================================================================
Worker process is ready to serve import requests
Launched and connected shader compiler UnityShaderCompiler.exe after 0.05 seconds
Refreshing native plugins compatible for Editor in 0.76 ms, found 3 plugins.
Preloading 0 native plugins for Editor in 0.00 ms.
Unloading 2194 Unused Serialized files (Serialized files now loaded: 0)
System memory in use before: 95.8 MB.
System memory in use after: 95.9 MB.

Unloading 28 unused Assets to reduce memory usage. Loaded Objects now: 2627.
Total: 3.923700 ms (FindLiveObjects: 0.276500 ms CreateObjectMapping: 0.103300 ms MarkObjects: 3.430700 ms  DeleteObjects: 0.111800 ms)

AssetImportParameters requested are different than current active one (requested -> active):
  custom:framework-win-MediaFoundation: 216162199b28c13a410421893ffa2e32 -> 
  custom:video-decoder-ogg-theora: a1e56fd34408186e4bbccfd4996cb3dc -> 
  custom:container-muxer-webm: aa71ff27fc2769a1b78a27578f13a17b -> 
  custom:container-demuxer-webm: 4f35f7cbe854078d1ac9338744f61a02 -> 
  custom:container-demuxer-ogg: 62fdf1f143b41e24485cea50d1cbac27 -> 
  custom:video-encoder-webm-vp8: eb34c28f22e8b96e1ab97ce403110664 -> 
  custom:video-decoder-webm-vp8: 9c59270c3fd7afecdb556c50c9e8de78 -> 
  custom:audio-decoder-ogg-vorbis: bf7c407c2cedff20999df2af8eb42d56 -> 
  custom:audio-encoder-webm-vorbis: bf7c407c2cedff20999df2af8eb42d56 -> 
========================================================================
Received Import Request.
  path: Assets/02_KID_LOGO.png
  artifactKey: Guid(d55f39450c3adac4d937e17195351d74) Importer(815301076,1909f56bfc062723c751e8b465ee728b)
Start importing Assets/02_KID_LOGO.png using Guid(d55f39450c3adac4d937e17195351d74) Importer(815301076,1909f56bfc062723c751e8b465ee728b)  -> (artifact id: '2679cd91666f018858c9e7ebd08b52fe') in 0.221843 seconds 
  Import took 0.226468 seconds .

========================================================================
Received Import Request.
  Time since last request: 544.576233 seconds.
  path: Assets/KID_LOGO.png
  artifactKey: Guid(d55f39450c3adac4d937e17195351d74) Importer(815301076,1909f56bfc062723c751e8b465ee728b)
Start importing Assets/KID_LOGO.png using Guid(d55f39450c3adac4d937e17195351d74) Importer(815301076,1909f56bfc062723c751e8b465ee728b)  -> (artifact id: '04f65bf3c486ded95c51fb6618d1a06a') in 0.041509 seconds 
  Import took 0.047141 seconds .

========================================================================
Received Import Request.
  Time since last request: 1047.446559 seconds.
  path: Assets/遊戲場景素材/BG/BG.png
  artifactKey: Guid(9454006f22f821c45aa529f77605527a) Importer(815301076,1909f56bfc062723c751e8b465ee728b)
Start importing Assets/遊戲場景素材/BG/BG.png using Guid(9454006f22f821c45aa529f77605527a) Importer(815301076,1909f56bfc062723c751e8b465ee728b)  -> (artifact id: 'a51458eaeaea4983b863901af6779a76') in 0.050795 seconds 
  Import took 0.055080 seconds .

========================================================================
Received Import Request.
  Time since last request: 2.471838 seconds.
  path: Assets/遊戲場景素材/Object/Crate.png
  artifactKey: Guid(34a15f5e860c73744b7b2e2c8941f719) Importer(815301076,1909f56bfc062723c751e8b465ee728b)
Start importing Assets/遊戲場景素材/Object/Crate.png using Guid(34a15f5e860c73744b7b2e2c8941f719) Importer(815301076,1909f56bfc062723c751e8b465ee728b)  -> (artifact id: '009e9a12dc7785664250aaae185849bf') in 0.019722 seconds 
  Import took 0.024265 seconds .

========================================================================
Received Import Request.
  Time since last request: 0.000398 seconds.
  path: Assets/遊戲場景素材/Object/Tree_1.png
  artifactKey: Guid(046807248bd4e784a83579729d6ee71f) Importer(815301076,1909f56bfc062723c751e8b465ee728b)
Start importing Assets/遊戲場景素材/Object/Tree_1.png using Guid(046807248bd4e784a83579729d6ee71f) Importer(815301076,1909f56bfc062723c751e8b465ee728b)  -> (artifact id: '3bd96b808e78b2f9ee4649c5d4800477') in 0.017759 seconds 
  Import took 0.021252 seconds .

========================================================================
Received Import Request.
  Time since last request: 0.000339 seconds.
  path: Assets/遊戲場景素材/Object/Sign_1.png
  artifactKey: Guid(9eed9b8ca56c6364485b0719b0999570) Importer(815301076,1909f56bfc062723c751e8b465ee728b)
Start importing Assets/遊戲場景素材/Object/Sign_1.png using Guid(9eed9b8ca56c6364485b0719b0999570) Importer(815301076,1909f56bfc062723c751e8b465ee728b)  -> (artifact id: '987acb03ccd73e5bfd86abf6528276f2') in 0.017034 seconds 
  Import took 0.020515 seconds .

========================================================================
Received Import Request.
  Time since last request: 0.000300 seconds.
  path: Assets/遊戲場景素材/Object/Tree_2.png
  artifactKey: Guid(f8b6a44fbde64ea498bd7a19d096d5f8) Importer(815301076,1909f56bfc062723c751e8b465ee728b)
Start importing Assets/遊戲場景素材/Object/Tree_2.png using Guid(f8b6a44fbde64ea498bd7a19d096d5f8) Importer(815301076,1909f56bfc062723c751e8b465ee728b)  -> (artifact id: '46696abf81b16f57c7a4cf4efcc07b83') in 0.016571 seconds 
  Import took 0.020345 seconds .

========================================================================
Received Import Request.
  Time since last request: 0.000286 seconds.
  path: Assets/遊戲場景素材/Object/IceBox.png
  artifactKey: Guid(a719ce7ef9b07d547a3ede6003420970) Importer(815301076,1909f56bfc062723c751e8b465ee728b)
Start importing Assets/遊戲場景素材/Object/IceBox.png using Guid(a719ce7ef9b07d547a3ede6003420970) Importer(815301076,1909f56bfc062723c751e8b465ee728b)  -> (artifact id: 'd30e7243c62d9a5a8c895de39a6c5c94') in 0.016242 seconds 
  Import took 0.020548 seconds .

========================================================================
Received Import Request.
  Time since last request: 0.000341 seconds.
  path: Assets/遊戲場景素材/Object/Igloo.png
  artifactKey: Guid(deb839b426a52ab4da35ea63144a5ed3) Importer(815301076,1909f56bfc062723c751e8b465ee728b)
Start importing Assets/遊戲場景素材/Object/Igloo.png using Guid(deb839b426a52ab4da35ea63144a5ed3) Importer(815301076,1909f56bfc062723c751e8b465ee728b)  -> (artifact id: '5ae8fc7d28efd31bca41ff97eb1dd0a2') in 0.014888 seconds 
  Import took 0.019637 seconds .

========================================================================
Received Import Request.
  Time since last request: 0.000326 seconds.
  path: Assets/遊戲場景素材/Object/Sign_2.png
  artifactKey: Guid(6066120f0310f3444a00f7bca96f41a7) Importer(815301076,1909f56bfc062723c751e8b465ee728b)
Start importing Assets/遊戲場景素材/Object/Sign_2.png using Guid(6066120f0310f3444a00f7bca96f41a7) Importer(815301076,1909f56bfc062723c751e8b465ee728b)  -> (artifact id: '1b1fb2ffdfdd4d41fc04e7db5bee5a73') in 0.017779 seconds 
  Import took 0.020659 seconds .

========================================================================
Received Import Request.
  Time since last request: 0.000308 seconds.
  path: Assets/遊戲場景素材/Object/Crystal.png
  artifactKey: Guid(e613798f52dafe04986d71e26332751b) Importer(815301076,1909f56bfc062723c751e8b465ee728b)
Start importing Assets/遊戲場景素材/Object/Crystal.png using Guid(e613798f52dafe04986d71e26332751b) Importer(815301076,1909f56bfc062723c751e8b465ee728b)  -> (artifact id: 'c6183e1df08646b350a510a8688e8338') in 0.016453 seconds 
  Import took 0.019797 seconds .

========================================================================
Received Import Request.
  Time since last request: 0.000388 seconds.
  path: Assets/遊戲場景素材/Object/SnowMan.png
  artifactKey: Guid(095b618c5fc98ff4a8276ffdac291017) Importer(815301076,1909f56bfc062723c751e8b465ee728b)
Start importing Assets/遊戲場景素材/Object/SnowMan.png using Guid(095b618c5fc98ff4a8276ffdac291017) Importer(815301076,1909f56bfc062723c751e8b465ee728b)  -> (artifact id: 'ac5433f18553cdb6325dca20dca4dd80') in 0.018190 seconds 
  Import took 0.022022 seconds .

========================================================================
Received Import Request.
  Time since last request: 0.000318 seconds.
  path: Assets/遊戲場景素材/Object/Stone.png
  artifactKey: Guid(656d9f18d6f3aaa488d41cff21de1eb2) Importer(815301076,1909f56bfc062723c751e8b465ee728b)
Start importing Assets/遊戲場景素材/Object/Stone.png using Guid(656d9f18d6f3aaa488d41cff21de1eb2) Importer(815301076,1909f56bfc062723c751e8b465ee728b)  -> (artifact id: '45213bda5780e054d0ae71d22fed0fa1') in 0.015149 seconds 
  Import took 0.019072 seconds .

========================================================================
Received Import Request.
  Time since last request: 2.267488 seconds.
  path: Assets/遊戲場景素材/Tiles/1.png
  artifactKey: Guid(2f1fc754431c2f349a13d1a5dda9a882) Importer(815301076,1909f56bfc062723c751e8b465ee728b)
Start importing Assets/遊戲場景素材/Tiles/1.png using Guid(2f1fc754431c2f349a13d1a5dda9a882) Importer(815301076,1909f56bfc062723c751e8b465ee728b)  -> (artifact id: '923d48102417b1fc3d8f5d57e680de56') in 0.010078 seconds 
  Import took 0.013651 seconds .

========================================================================
Received Import Request.
  Time since last request: 0.000248 seconds.
  path: Assets/遊戲場景素材/Tiles/12.png
  artifactKey: Guid(9ea55177154bd7249a56af58804e6fe8) Importer(815301076,1909f56bfc062723c751e8b465ee728b)
Start importing Assets/遊戲場景素材/Tiles/12.png using Guid(9ea55177154bd7249a56af58804e6fe8) Importer(815301076,1909f56bfc062723c751e8b465ee728b)  -> (artifact id: 'ca8b6f6dbc25bb51208f3216da6d7865') in 0.011486 seconds 
  Import took 0.015135 seconds .

========================================================================
Received Import Request.
  Time since last request: 0.000334 seconds.
  path: Assets/遊戲場景素材/Tiles/11.png
  artifactKey: Guid(e5b4218c0e0e954408042929e28c7aba) Importer(815301076,1909f56bfc062723c751e8b465ee728b)
Start importing Assets/遊戲場景素材/Tiles/11.png using Guid(e5b4218c0e0e954408042929e28c7aba) Importer(815301076,1909f56bfc062723c751e8b465ee728b)  -> (artifact id: '27f929270b92d915fdd59a55ebea1177') in 0.013102 seconds 
  Import took 0.016525 seconds .

========================================================================
Received Import Request.
  Time since last request: 0.000311 seconds.
  path: Assets/遊戲場景素材/Tiles/18.png
  artifactKey: Guid(bb359ad76232d3d46afdb13466644dd1) Importer(815301076,1909f56bfc062723c751e8b465ee728b)
Start importing Assets/遊戲場景素材/Tiles/18.png using Guid(bb359ad76232d3d46afdb13466644dd1) Importer(815301076,1909f56bfc062723c751e8b465ee728b)  -> (artifact id: 'c909da08ddf67c4debce0f382acab79f') in 0.010434 seconds 
  Import took 0.014472 seconds .

========================================================================
Received Import Request.
  Time since last request: 0.000307 seconds.
  path: Assets/遊戲場景素材/Tiles/4.png
  artifactKey: Guid(c4fec3e5dc72fd446bb1c38ced3c21d5) Importer(815301076,1909f56bfc062723c751e8b465ee728b)
Start importing Assets/遊戲場景素材/Tiles/4.png using Guid(c4fec3e5dc72fd446bb1c38ced3c21d5) Importer(815301076,1909f56bfc062723c751e8b465ee728b)  -> (artifact id: 'cddf9365df487779b89f914bf8f052f9') in 0.011285 seconds 
  Import took 0.015499 seconds .

========================================================================
Received Import Request.
  Time since last request: 0.000256 seconds.
  path: Assets/遊戲場景素材/Tiles/6.png
  artifactKey: Guid(51e6d6e4d4b5a764a8cb0d5f21490e0e) Importer(815301076,1909f56bfc062723c751e8b465ee728b)
Start importing Assets/遊戲場景素材/Tiles/6.png using Guid(51e6d6e4d4b5a764a8cb0d5f21490e0e) Importer(815301076,1909f56bfc062723c751e8b465ee728b)  -> (artifact id: '8000130429b604d2cd50813303d92725') in 0.011473 seconds 
  Import took 0.015444 seconds .

========================================================================
Received Import Request.
  Time since last request: 0.000248 seconds.
  path: Assets/遊戲場景素材/Tiles/8.png
  artifactKey: Guid(d16666b50a74cae478bb8e11c96d40c5) Importer(815301076,1909f56bfc062723c751e8b465ee728b)
Start importing Assets/遊戲場景素材/Tiles/8.png using Guid(d16666b50a74cae478bb8e11c96d40c5) Importer(815301076,1909f56bfc062723c751e8b465ee728b)  -> (artifact id: '7f18c95667d3d2c0fcf2ff38ec9c977d') in 0.010679 seconds 
  Import took 0.014273 seconds .

========================================================================
Received Import Request.
  Time since last request: 0.000338 seconds.
  path: Assets/遊戲場景素材/Tiles/2.png
  artifactKey: Guid(7340d098bac407b489991755b4f43733) Importer(815301076,1909f56bfc062723c751e8b465ee728b)
Start importing Assets/遊戲場景素材/Tiles/2.png using Guid(7340d098bac407b489991755b4f43733) Importer(815301076,1909f56bfc062723c751e8b465ee728b)  -> (artifact id: 'd3cf014212187d40eaa3e9f3720a498f') in 0.012157 seconds 
  Import took 0.016312 seconds .

========================================================================
Received Import Request.
  Time since last request: 0.000309 seconds.
  path: Assets/遊戲場景素材/Tiles/16.png
  artifactKey: Guid(ebbd66234f864eb44990bcb4bc013b77) Importer(815301076,1909f56bfc062723c751e8b465ee728b)
Start importing Assets/遊戲場景素材/Tiles/16.png using Guid(ebbd66234f864eb44990bcb4bc013b77) Importer(815301076,1909f56bfc062723c751e8b465ee728b)  -> (artifact id: 'ebc67cd051969d8f3d672bdc36de51d1') in 0.012642 seconds 
  Import took 0.016494 seconds .

========================================================================
Received Import Request.
  Time since last request: 0.000265 seconds.
  path: Assets/遊戲場景素材/Tiles/9.png
  artifactKey: Guid(f2b6a2b62a087e54a884d29105e610e6) Importer(815301076,1909f56bfc062723c751e8b465ee728b)
Start importing Assets/遊戲場景素材/Tiles/9.png using Guid(f2b6a2b62a087e54a884d29105e610e6) Importer(815301076,1909f56bfc062723c751e8b465ee728b)  -> (artifact id: 'df1c5f6981ffc0c3a12b86241987ec00') in 0.011163 seconds 
  Import took 0.014989 seconds .

========================================================================
Received Import Request.
  Time since last request: 0.000271 seconds.
  path: Assets/遊戲場景素材/Tiles/10.png
  artifactKey: Guid(9a9feebec7bbd394186bd085e8e1214c) Importer(815301076,1909f56bfc062723c751e8b465ee728b)
Start importing Assets/遊戲場景素材/Tiles/10.png using Guid(9a9feebec7bbd394186bd085e8e1214c) Importer(815301076,1909f56bfc062723c751e8b465ee728b)  -> (artifact id: '01db7da378cc0efdb4d26b749652ffd2') in 0.011668 seconds 
  Import took 0.016084 seconds .

========================================================================
Received Import Request.
  Time since last request: 0.000233 seconds.
  path: Assets/遊戲場景素材/Tiles/3.png
  artifactKey: Guid(bf9064703c64cd540b41727c06191f07) Importer(815301076,1909f56bfc062723c751e8b465ee728b)
Start importing Assets/遊戲場景素材/Tiles/3.png using Guid(bf9064703c64cd540b41727c06191f07) Importer(815301076,1909f56bfc062723c751e8b465ee728b)  -> (artifact id: '812d0dc1a19b93bb12c103486da97f18') in 0.011075 seconds 
  Import took 0.014681 seconds .

========================================================================
Received Import Request.
  Time since last request: 0.000204 seconds.
  path: Assets/遊戲場景素材/Tiles/13.png
  artifactKey: Guid(9fdee389e0d6fcd49b4ed0eb4c21a0b1) Importer(815301076,1909f56bfc062723c751e8b465ee728b)
Start importing Assets/遊戲場景素材/Tiles/13.png using Guid(9fdee389e0d6fcd49b4ed0eb4c21a0b1) Importer(815301076,1909f56bfc062723c751e8b465ee728b)  -> (artifact id: '34767e54a614cb7e7146a2ff3e0223dc') in 0.011641 seconds 
  Import took 0.015017 seconds .

========================================================================
Received Import Request.
  Time since last request: 0.000321 seconds.
  path: Assets/遊戲場景素材/Tiles/15.png
  artifactKey: Guid(9d427c62976f3e841a9ab57238ff4b0a) Importer(815301076,1909f56bfc062723c751e8b465ee728b)
Start importing Assets/遊戲場景素材/Tiles/15.png using Guid(9d427c62976f3e841a9ab57238ff4b0a) Importer(815301076,1909f56bfc062723c751e8b465ee728b)  -> (artifact id: 'ead95de578c5e858f023cbd154d44e15') in 0.011066 seconds 
  Import took 0.015175 seconds .

========================================================================
Received Import Request.
  Time since last request: 0.000297 seconds.
  path: Assets/遊戲場景素材/Tiles/5.png
  artifactKey: Guid(e86f82c91f5d9aa4e9f283f2dbedca1b) Importer(815301076,1909f56bfc062723c751e8b465ee728b)
Start importing Assets/遊戲場景素材/Tiles/5.png using Guid(e86f82c91f5d9aa4e9f283f2dbedca1b) Importer(815301076,1909f56bfc062723c751e8b465ee728b)  -> (artifact id: 'a62554ad16a353fef937afb207fef4cb') in 0.011466 seconds 
  Import took 0.015497 seconds .

========================================================================
Received Import Request.
  Time since last request: 0.000278 seconds.
  path: Assets/遊戲場景素材/Tiles/17.png
  artifactKey: Guid(e2bd7904c8a21834799330ce954b1dea) Importer(815301076,1909f56bfc062723c751e8b465ee728b)
Start importing Assets/遊戲場景素材/Tiles/17.png using Guid(e2bd7904c8a21834799330ce954b1dea) Importer(815301076,1909f56bfc062723c751e8b465ee728b)  -> (artifact id: 'f196bfcb2aa4ab1aa5fb22d98454e31e') in 0.011387 seconds 
  Import took 0.014827 seconds .

========================================================================
Received Import Request.
  Time since last request: 0.000209 seconds.
  path: Assets/遊戲場景素材/Tiles/7.png
  artifactKey: Guid(cace50763aadb1c48bcfef23c4511123) Importer(815301076,1909f56bfc062723c751e8b465ee728b)
Start importing Assets/遊戲場景素材/Tiles/7.png using Guid(cace50763aadb1c48bcfef23c4511123) Importer(815301076,1909f56bfc062723c751e8b465ee728b)  -> (artifact id: 'ec9065d33249a1fc78a16e82f7a2f857') in 0.010708 seconds 
  Import took 0.014911 seconds .

========================================================================
Received Import Request.
  Time since last request: 0.000258 seconds.
  path: Assets/遊戲場景素材/Tiles/14.png
  artifactKey: Guid(c1065e46bdcb99b43a2359ccc5c050fd) Importer(815301076,1909f56bfc062723c751e8b465ee728b)
Start importing Assets/遊戲場景素材/Tiles/14.png using Guid(c1065e46bdcb99b43a2359ccc5c050fd) Importer(815301076,1909f56bfc062723c751e8b465ee728b)  -> (artifact id: 'f4abe895f36b42d5a15da3d27283c1dc') in 0.010057 seconds 
  Import took 0.013765 seconds .

========================================================================
Received Prepare
Registering precompiled user dll's ...
Registered in 0.004492 seconds.
Begin MonoManager ReloadAssembly
Native extension for WindowsStandalone target not found
Refreshing native plugins compatible for Editor in 0.54 ms, found 3 plugins.
Preloading 0 native plugins for Editor in 0.00 ms.
Mono: successfully reloaded assembly
- Completed reload, in  1.073 seconds
Domain Reload Profiling:
	ReloadAssembly (1073ms)
		BeginReloadAssembly (147ms)
			ExecutionOrderSort (0ms)
			DisableScriptedObjects (7ms)
			BackupInstance (0ms)
			ReleaseScriptingObjects (0ms)
			CreateAndSetChildDomain (42ms)
		EndReloadAssembly (844ms)
			LoadAssemblies (119ms)
			RebuildTransferFunctionScriptingTraits (0ms)
			SetupTypeCache (305ms)
			ReleaseScriptCaches (1ms)
			RebuildScriptCaches (41ms)
			SetupLoadedEditorAssemblies (295ms)
				LogAssemblyErrors (0ms)
				InitializePlatformSupportModulesInManaged (5ms)
				SetLoadedEditorAssemblies (0ms)
				RefreshPlugins (1ms)
				BeforeProcessingInitializeOnLoad (85ms)
				ProcessInitializeOnLoadAttributes (189ms)
				ProcessInitializeOnLoadMethodAttributes (11ms)
				AfterProcessingInitializeOnLoad (5ms)
				EditorAssembliesLoaded (0ms)
			ExecutionOrderSort2 (0ms)
			AwakeInstancesAfterBackupRestoration (9ms)
Platform modules already initialized, skipping
Refreshing native plugins compatible for Editor in 0.48 ms, found 3 plugins.
Preloading 0 native plugins for Editor in 0.00 ms.
Unloading 2184 Unused Serialized files (Serialized files now loaded: 0)
System memory in use before: 98.1 MB.
System memory in use after: 98.3 MB.

Unloading 17 unused Assets to reduce memory usage. Loaded Objects now: 2660.
Total: 3.111900 ms (FindLiveObjects: 0.185500 ms CreateObjectMapping: 0.087300 ms MarkObjects: 2.822100 ms  DeleteObjects: 0.016200 ms)

AssetImportParameters requested are different than current active one (requested -> active):
  custom:framework-win-MediaFoundation: 216162199b28c13a410421893ffa2e32 -> 
  custom:video-decoder-ogg-theora: a1e56fd34408186e4bbccfd4996cb3dc -> 
  custom:container-muxer-webm: aa71ff27fc2769a1b78a27578f13a17b -> 
  custom:container-demuxer-webm: 4f35f7cbe854078d1ac9338744f61a02 -> 
  custom:container-demuxer-ogg: 62fdf1f143b41e24485cea50d1cbac27 -> 
  custom:video-encoder-webm-vp8: eb34c28f22e8b96e1ab97ce403110664 -> 
  custom:video-decoder-webm-vp8: 9c59270c3fd7afecdb556c50c9e8de78 -> 
  custom:audio-decoder-ogg-vorbis: bf7c407c2cedff20999df2af8eb42d56 -> 
  custom:audio-encoder-webm-vorbis: bf7c407c2cedff20999df2af8eb42d56 -> 
========================================================================
Received Prepare
Registering precompiled user dll's ...
Registered in 0.005406 seconds.
Begin MonoManager ReloadAssembly
Native extension for WindowsStandalone target not found
Refreshing native plugins compatible for Editor in 0.57 ms, found 3 plugins.
Preloading 0 native plugins for Editor in 0.00 ms.
Mono: successfully reloaded assembly
- Completed reload, in  1.228 seconds
Domain Reload Profiling:
	ReloadAssembly (1228ms)
		BeginReloadAssembly (132ms)
			ExecutionOrderSort (0ms)
			DisableScriptedObjects (9ms)
			BackupInstance (0ms)
			ReleaseScriptingObjects (0ms)
			CreateAndSetChildDomain (37ms)
		EndReloadAssembly (1021ms)
			LoadAssemblies (116ms)
			RebuildTransferFunctionScriptingTraits (0ms)
			SetupTypeCache (357ms)
			ReleaseScriptCaches (1ms)
			RebuildScriptCaches (50ms)
			SetupLoadedEditorAssemblies (372ms)
				LogAssemblyErrors (0ms)
				InitializePlatformSupportModulesInManaged (5ms)
				SetLoadedEditorAssemblies (1ms)
				RefreshPlugins (1ms)
				BeforeProcessingInitializeOnLoad (101ms)
				ProcessInitializeOnLoadAttributes (246ms)
				ProcessInitializeOnLoadMethodAttributes (13ms)
				AfterProcessingInitializeOnLoad (6ms)
				EditorAssembliesLoaded (0ms)
			ExecutionOrderSort2 (0ms)
			AwakeInstancesAfterBackupRestoration (10ms)
Platform modules already initialized, skipping
Refreshing native plugins compatible for Editor in 0.59 ms, found 3 plugins.
Preloading 0 native plugins for Editor in 0.00 ms.
Unloading 2184 Unused Serialized files (Serialized files now loaded: 0)
System memory in use before: 98.2 MB.
System memory in use after: 98.3 MB.

Unloading 17 unused Assets to reduce memory usage. Loaded Objects now: 2662.
Total: 4.052700 ms (FindLiveObjects: 0.251900 ms CreateObjectMapping: 0.127900 ms MarkObjects: 3.636400 ms  DeleteObjects: 0.035700 ms)

AssetImportParameters requested are different than current active one (requested -> active):
  custom:framework-win-MediaFoundation: 216162199b28c13a410421893ffa2e32 -> 
  custom:video-decoder-ogg-theora: a1e56fd34408186e4bbccfd4996cb3dc -> 
  custom:container-muxer-webm: aa71ff27fc2769a1b78a27578f13a17b -> 
  custom:container-demuxer-webm: 4f35f7cbe854078d1ac9338744f61a02 -> 
  custom:container-demuxer-ogg: 62fdf1f143b41e24485cea50d1cbac27 -> 
  custom:video-encoder-webm-vp8: eb34c28f22e8b96e1ab97ce403110664 -> 
  custom:video-decoder-webm-vp8: 9c59270c3fd7afecdb556c50c9e8de78 -> 
  custom:audio-decoder-ogg-vorbis: bf7c407c2cedff20999df2af8eb42d56 -> 
  custom:audio-encoder-webm-vorbis: bf7c407c2cedff20999df2af8eb42d56 -> 
========================================================================
Received Prepare
Registering precompiled user dll's ...
Registered in 0.005594 seconds.
Begin MonoManager ReloadAssembly
Native extension for WindowsStandalone target not found
Refreshing native plugins compatible for Editor in 0.69 ms, found 3 plugins.
Preloading 0 native plugins for Editor in 0.00 ms.
Mono: successfully reloaded assembly
- Completed reload, in  1.256 seconds
Domain Reload Profiling:
	ReloadAssembly (1257ms)
		BeginReloadAssembly (144ms)
			ExecutionOrderSort (0ms)
			DisableScriptedObjects (7ms)
			BackupInstance (0ms)
			ReleaseScriptingObjects (0ms)
			CreateAndSetChildDomain (45ms)
		EndReloadAssembly (1039ms)
			LoadAssemblies (115ms)
			RebuildTransferFunctionScriptingTraits (0ms)
			SetupTypeCache (378ms)
			ReleaseScriptCaches (1ms)
			RebuildScriptCaches (50ms)
			SetupLoadedEditorAssemblies (363ms)
				LogAssemblyErrors (0ms)
				InitializePlatformSupportModulesInManaged (6ms)
				SetLoadedEditorAssemblies (1ms)
				RefreshPlugins (1ms)
				BeforeProcessingInitializeOnLoad (100ms)
				ProcessInitializeOnLoadAttributes (235ms)
				ProcessInitializeOnLoadMethodAttributes (13ms)
				AfterProcessingInitializeOnLoad (7ms)
				EditorAssembliesLoaded (0ms)
			ExecutionOrderSort2 (0ms)
			AwakeInstancesAfterBackupRestoration (11ms)
Platform modules already initialized, skipping
Refreshing native plugins compatible for Editor in 0.61 ms, found 3 plugins.
Preloading 0 native plugins for Editor in 0.00 ms.
Unloading 2183 Unused Serialized files (Serialized files now loaded: 0)
System memory in use before: 98.2 MB.
System memory in use after: 98.3 MB.

Unloading 18 unused Assets to reduce memory usage. Loaded Objects now: 2663.
Total: 3.410500 ms (FindLiveObjects: 0.214100 ms CreateObjectMapping: 0.106000 ms MarkObjects: 3.070600 ms  DeleteObjects: 0.019100 ms)

AssetImportParameters requested are different than current active one (requested -> active):
  custom:framework-win-MediaFoundation: 216162199b28c13a410421893ffa2e32 -> 
  custom:video-decoder-ogg-theora: a1e56fd34408186e4bbccfd4996cb3dc -> 
  custom:container-muxer-webm: aa71ff27fc2769a1b78a27578f13a17b -> 
  custom:container-demuxer-webm: 4f35f7cbe854078d1ac9338744f61a02 -> 
  custom:container-demuxer-ogg: 62fdf1f143b41e24485cea50d1cbac27 -> 
  custom:video-encoder-webm-vp8: eb34c28f22e8b96e1ab97ce403110664 -> 
  custom:video-decoder-webm-vp8: 9c59270c3fd7afecdb556c50c9e8de78 -> 
  custom:audio-decoder-ogg-vorbis: bf7c407c2cedff20999df2af8eb42d56 -> 
  custom:audio-encoder-webm-vorbis: bf7c407c2cedff20999df2af8eb42d56 -> 
========================================================================
Received Import Request.
  Time since last request: 3211.080220 seconds.
  path: Assets/遊戲場景素材
  artifactKey: Guid(d7c2b7358dba12f42a65d7bb07c1fffb) Importer(815301076,1909f56bfc062723c751e8b465ee728b)
Start importing Assets/遊戲場景素材 using Guid(d7c2b7358dba12f42a65d7bb07c1fffb) Importer(815301076,1909f56bfc062723c751e8b465ee728b)  -> (artifact id: '10c4d53e69d57bee748294e2dd7aafcf') in 0.008112 seconds 
  Import took 0.013064 seconds .

========================================================================
Received Import Request.
  Time since last request: 3.217122 seconds.
  path: Assets/遊戲場景素材/BG
  artifactKey: Guid(c3a0a3d4fb8598d4287de74acd48a8cf) Importer(815301076,1909f56bfc062723c751e8b465ee728b)
Start importing Assets/遊戲場景素材/BG using Guid(c3a0a3d4fb8598d4287de74acd48a8cf) Importer(815301076,1909f56bfc062723c751e8b465ee728b)  -> (artifact id: '55225bff35aaa8329930ab70945d1e77') in 0.003252 seconds 
  Import took 0.008958 seconds .

========================================================================
Received Import Request.
  Time since last request: 2714.902919 seconds.
  path: Assets/jf-openhuninn-1.1.ttf
  artifactKey: Guid(79b4a3e07a5fb1547a6de3d83addd99e) Importer(815301076,1909f56bfc062723c751e8b465ee728b)
Start importing Assets/jf-openhuninn-1.1.ttf using Guid(79b4a3e07a5fb1547a6de3d83addd99e) Importer(815301076,1909f56bfc062723c751e8b465ee728b)  -> (artifact id: '1f663036c5b4d18d889e366226563f9f') in 0.114631 seconds 
  Import took 0.121112 seconds .

========================================================================
Received Prepare
Registering precompiled user dll's ...
Registered in 0.005551 seconds.
Begin MonoManager ReloadAssembly
Native extension for WindowsStandalone target not found
Refreshing native plugins compatible for Editor in 0.45 ms, found 3 plugins.
Preloading 0 native plugins for Editor in 0.00 ms.
Mono: successfully reloaded assembly
- Completed reload, in  1.006 seconds
Domain Reload Profiling:
	ReloadAssembly (1007ms)
		BeginReloadAssembly (106ms)
			ExecutionOrderSort (0ms)
			DisableScriptedObjects (6ms)
			BackupInstance (0ms)
			ReleaseScriptingObjects (0ms)
			CreateAndSetChildDomain (36ms)
		EndReloadAssembly (838ms)
			LoadAssemblies (89ms)
			RebuildTransferFunctionScriptingTraits (0ms)
			SetupTypeCache (302ms)
			ReleaseScriptCaches (1ms)
			RebuildScriptCaches (42ms)
			SetupLoadedEditorAssemblies (295ms)
				LogAssemblyErrors (0ms)
				InitializePlatformSupportModulesInManaged (4ms)
				SetLoadedEditorAssemblies (0ms)
				RefreshPlugins (1ms)
				BeforeProcessingInitializeOnLoad (83ms)
				ProcessInitializeOnLoadAttributes (189ms)
				ProcessInitializeOnLoadMethodAttributes (11ms)
				AfterProcessingInitializeOnLoad (6ms)
				EditorAssembliesLoaded (0ms)
			ExecutionOrderSort2 (0ms)
			AwakeInstancesAfterBackupRestoration (9ms)
Platform modules already initialized, skipping
Refreshing native plugins compatible for Editor in 0.61 ms, found 3 plugins.
Preloading 0 native plugins for Editor in 0.00 ms.
Unloading 2183 Unused Serialized files (Serialized files now loaded: 0)
System memory in use before: 98.6 MB.
System memory in use after: 98.7 MB.

Unloading 17 unused Assets to reduce memory usage. Loaded Objects now: 2706.
Total: 2.941000 ms (FindLiveObjects: 0.181100 ms CreateObjectMapping: 0.101300 ms MarkObjects: 2.624200 ms  DeleteObjects: 0.033500 ms)

AssetImportParameters requested are different than current active one (requested -> active):
  custom:framework-win-MediaFoundation: 216162199b28c13a410421893ffa2e32 -> 
  custom:video-decoder-ogg-theora: a1e56fd34408186e4bbccfd4996cb3dc -> 
  custom:container-muxer-webm: aa71ff27fc2769a1b78a27578f13a17b -> 
  custom:container-demuxer-webm: 4f35f7cbe854078d1ac9338744f61a02 -> 
  custom:container-demuxer-ogg: 62fdf1f143b41e24485cea50d1cbac27 -> 
  custom:video-encoder-webm-vp8: eb34c28f22e8b96e1ab97ce403110664 -> 
  custom:video-decoder-webm-vp8: 9c59270c3fd7afecdb556c50c9e8de78 -> 
  custom:audio-decoder-ogg-vorbis: bf7c407c2cedff20999df2af8eb42d56 -> 
  custom:audio-encoder-webm-vorbis: bf7c407c2cedff20999df2af8eb42d56 -> 
========================================================================
Received Prepare
Registering precompiled user dll's ...
Registered in 0.005063 seconds.
Begin MonoManager ReloadAssembly
Native extension for WindowsStandalone target not found
Refreshing native plugins compatible for Editor in 0.41 ms, found 3 plugins.
Preloading 0 native plugins for Editor in 0.00 ms.
Mono: successfully reloaded assembly
- Completed reload, in  0.984 seconds
Domain Reload Profiling:
	ReloadAssembly (984ms)
		BeginReloadAssembly (103ms)
			ExecutionOrderSort (0ms)
			DisableScriptedObjects (6ms)
			BackupInstance (0ms)
			ReleaseScriptingObjects (0ms)
			CreateAndSetChildDomain (33ms)
		EndReloadAssembly (820ms)
			LoadAssemblies (88ms)
			RebuildTransferFunctionScriptingTraits (0ms)
			SetupTypeCache (276ms)
			ReleaseScriptCaches (1ms)
			RebuildScriptCaches (40ms)
			SetupLoadedEditorAssemblies (307ms)
				LogAssemblyErrors (0ms)
				InitializePlatformSupportModulesInManaged (4ms)
				SetLoadedEditorAssemblies (1ms)
				RefreshPlugins (0ms)
				BeforeProcessingInitializeOnLoad (85ms)
				ProcessInitializeOnLoadAttributes (199ms)
				ProcessInitializeOnLoadMethodAttributes (11ms)
				AfterProcessingInitializeOnLoad (7ms)
				EditorAssembliesLoaded (0ms)
			ExecutionOrderSort2 (0ms)
			AwakeInstancesAfterBackupRestoration (8ms)
Platform modules already initialized, skipping
Refreshing native plugins compatible for Editor in 0.50 ms, found 3 plugins.
Preloading 0 native plugins for Editor in 0.00 ms.
Unloading 2183 Unused Serialized files (Serialized files now loaded: 0)
System memory in use before: 98.6 MB.
System memory in use after: 98.7 MB.

Unloading 17 unused Assets to reduce memory usage. Loaded Objects now: 2708.
Total: 2.911800 ms (FindLiveObjects: 0.176500 ms CreateObjectMapping: 0.077300 ms MarkObjects: 2.625200 ms  DeleteObjects: 0.031400 ms)

AssetImportParameters requested are different than current active one (requested -> active):
  custom:framework-win-MediaFoundation: 216162199b28c13a410421893ffa2e32 -> 
  custom:video-decoder-ogg-theora: a1e56fd34408186e4bbccfd4996cb3dc -> 
  custom:container-muxer-webm: aa71ff27fc2769a1b78a27578f13a17b -> 
  custom:container-demuxer-webm: 4f35f7cbe854078d1ac9338744f61a02 -> 
  custom:container-demuxer-ogg: 62fdf1f143b41e24485cea50d1cbac27 -> 
  custom:video-encoder-webm-vp8: eb34c28f22e8b96e1ab97ce403110664 -> 
  custom:video-decoder-webm-vp8: 9c59270c3fd7afecdb556c50c9e8de78 -> 
  custom:audio-decoder-ogg-vorbis: bf7c407c2cedff20999df2af8eb42d56 -> 
  custom:audio-encoder-webm-vorbis: bf7c407c2cedff20999df2af8eb42d56 -> 
========================================================================
Received Prepare
Registering precompiled user dll's ...
Registered in 0.006567 seconds.
Begin MonoManager ReloadAssembly
Native extension for WindowsStandalone target not found
Refreshing native plugins compatible for Editor in 0.43 ms, found 3 plugins.
Preloading 0 native plugins for Editor in 0.00 ms.
Mono: successfully reloaded assembly
- Completed reload, in  0.987 seconds
Domain Reload Profiling:
	ReloadAssembly (988ms)
		BeginReloadAssembly (102ms)
			ExecutionOrderSort (0ms)
			DisableScriptedObjects (6ms)
			BackupInstance (0ms)
			ReleaseScriptingObjects (0ms)
			CreateAndSetChildDomain (32ms)
		EndReloadAssembly (826ms)
			LoadAssemblies (85ms)
			RebuildTransferFunctionScriptingTraits (0ms)
			SetupTypeCache (286ms)
			ReleaseScriptCaches (1ms)
			RebuildScriptCaches (43ms)
			SetupLoadedEditorAssemblies (294ms)
				LogAssemblyErrors (0ms)
				InitializePlatformSupportModulesInManaged (4ms)
				SetLoadedEditorAssemblies (0ms)
				RefreshPlugins (0ms)
				BeforeProcessingInitializeOnLoad (79ms)
				ProcessInitializeOnLoadAttributes (190ms)
				ProcessInitializeOnLoadMethodAttributes (12ms)
				AfterProcessingInitializeOnLoad (7ms)
				EditorAssembliesLoaded (0ms)
			ExecutionOrderSort2 (0ms)
			AwakeInstancesAfterBackupRestoration (9ms)
Platform modules already initialized, skipping
Refreshing native plugins compatible for Editor in 0.47 ms, found 3 plugins.
Preloading 0 native plugins for Editor in 0.00 ms.
Unloading 2183 Unused Serialized files (Serialized files now loaded: 0)
System memory in use before: 98.6 MB.
System memory in use after: 98.7 MB.

Unloading 17 unused Assets to reduce memory usage. Loaded Objects now: 2710.
Total: 3.041900 ms (FindLiveObjects: 0.173100 ms CreateObjectMapping: 0.078600 ms MarkObjects: 2.754100 ms  DeleteObjects: 0.035200 ms)

AssetImportParameters requested are different than current active one (requested -> active):
  custom:framework-win-MediaFoundation: 216162199b28c13a410421893ffa2e32 -> 
  custom:video-decoder-ogg-theora: a1e56fd34408186e4bbccfd4996cb3dc -> 
  custom:container-muxer-webm: aa71ff27fc2769a1b78a27578f13a17b -> 
  custom:container-demuxer-webm: 4f35f7cbe854078d1ac9338744f61a02 -> 
  custom:container-demuxer-ogg: 62fdf1f143b41e24485cea50d1cbac27 -> 
  custom:video-encoder-webm-vp8: eb34c28f22e8b96e1ab97ce403110664 -> 
  custom:video-decoder-webm-vp8: 9c59270c3fd7afecdb556c50c9e8de78 -> 
  custom:audio-decoder-ogg-vorbis: bf7c407c2cedff20999df2af8eb42d56 -> 
  custom:audio-encoder-webm-vorbis: bf7c407c2cedff20999df2af8eb42d56 -> 
========================================================================
Received Prepare
Registering precompiled user dll's ...
Registered in 0.005240 seconds.
Begin MonoManager ReloadAssembly
Native extension for WindowsStandalone target not found
Refreshing native plugins compatible for Editor in 0.46 ms, found 3 plugins.
Preloading 0 native plugins for Editor in 0.00 ms.
Mono: successfully reloaded assembly
- Completed reload, in  0.985 seconds
Domain Reload Profiling:
	ReloadAssembly (986ms)
		BeginReloadAssembly (101ms)
			ExecutionOrderSort (0ms)
			DisableScriptedObjects (6ms)
			BackupInstance (0ms)
			ReleaseScriptingObjects (0ms)
			CreateAndSetChildDomain (32ms)
		EndReloadAssembly (820ms)
			LoadAssemblies (92ms)
			RebuildTransferFunctionScriptingTraits (0ms)
			SetupTypeCache (285ms)
			ReleaseScriptCaches (1ms)
			RebuildScriptCaches (41ms)
			SetupLoadedEditorAssemblies (293ms)
				LogAssemblyErrors (0ms)
				InitializePlatformSupportModulesInManaged (4ms)
				SetLoadedEditorAssemblies (0ms)
				RefreshPlugins (1ms)
				BeforeProcessingInitializeOnLoad (81ms)
				ProcessInitializeOnLoadAttributes (189ms)
				ProcessInitializeOnLoadMethodAttributes (11ms)
				AfterProcessingInitializeOnLoad (6ms)
				EditorAssembliesLoaded (0ms)
			ExecutionOrderSort2 (0ms)
			AwakeInstancesAfterBackupRestoration (9ms)
Platform modules already initialized, skipping
Refreshing native plugins compatible for Editor in 0.55 ms, found 3 plugins.
Preloading 0 native plugins for Editor in 0.00 ms.
Unloading 2183 Unused Serialized files (Serialized files now loaded: 0)
System memory in use before: 98.6 MB.
System memory in use after: 98.7 MB.

Unloading 17 unused Assets to reduce memory usage. Loaded Objects now: 2712.
Total: 3.174800 ms (FindLiveObjects: 0.167700 ms CreateObjectMapping: 0.084600 ms MarkObjects: 2.887500 ms  DeleteObjects: 0.033900 ms)

AssetImportParameters requested are different than current active one (requested -> active):
  custom:framework-win-MediaFoundation: 216162199b28c13a410421893ffa2e32 -> 
  custom:video-decoder-ogg-theora: a1e56fd34408186e4bbccfd4996cb3dc -> 
  custom:container-muxer-webm: aa71ff27fc2769a1b78a27578f13a17b -> 
  custom:container-demuxer-webm: 4f35f7cbe854078d1ac9338744f61a02 -> 
  custom:container-demuxer-ogg: 62fdf1f143b41e24485cea50d1cbac27 -> 
  custom:video-encoder-webm-vp8: eb34c28f22e8b96e1ab97ce403110664 -> 
  custom:video-decoder-webm-vp8: 9c59270c3fd7afecdb556c50c9e8de78 -> 
  custom:audio-decoder-ogg-vorbis: bf7c407c2cedff20999df2af8eb42d56 -> 
  custom:audio-encoder-webm-vorbis: bf7c407c2cedff20999df2af8eb42d56 -> 
========================================================================
Received Prepare
Registering precompiled user dll's ...
Registered in 0.005386 seconds.
Begin MonoManager ReloadAssembly
Native extension for WindowsStandalone target not found
Refreshing native plugins compatible for Editor in 0.46 ms, found 3 plugins.
Preloading 0 native plugins for Editor in 0.00 ms.
Mono: successfully reloaded assembly
- Completed reload, in  0.964 seconds
Domain Reload Profiling:
	ReloadAssembly (964ms)
		BeginReloadAssembly (109ms)
			ExecutionOrderSort (0ms)
			DisableScriptedObjects (6ms)
			BackupInstance (0ms)
			ReleaseScriptingObjects (0ms)
			CreateAndSetChildDomain (33ms)
		EndReloadAssembly (794ms)
			LoadAssemblies (87ms)
			RebuildTransferFunctionScriptingTraits (0ms)
			SetupTypeCache (281ms)
			ReleaseScriptCaches (1ms)
			RebuildScriptCaches (40ms)
			SetupLoadedEditorAssemblies (287ms)
				LogAssemblyErrors (0ms)
				InitializePlatformSupportModulesInManaged (4ms)
				SetLoadedEditorAssemblies (0ms)
				RefreshPlugins (1ms)
				BeforeProcessingInitializeOnLoad (80ms)
				ProcessInitializeOnLoadAttributes (185ms)
				ProcessInitializeOnLoadMethodAttributes (10ms)
				AfterProcessingInitializeOnLoad (6ms)
				EditorAssembliesLoaded (0ms)
			ExecutionOrderSort2 (0ms)
			AwakeInstancesAfterBackupRestoration (8ms)
Platform modules already initialized, skipping
Refreshing native plugins compatible for Editor in 0.50 ms, found 3 plugins.
Preloading 0 native plugins for Editor in 0.00 ms.
Unloading 2183 Unused Serialized files (Serialized files now loaded: 0)
System memory in use before: 98.7 MB.
System memory in use after: 98.8 MB.

Unloading 17 unused Assets to reduce memory usage. Loaded Objects now: 2714.
Total: 2.962200 ms (FindLiveObjects: 0.176000 ms CreateObjectMapping: 0.080600 ms MarkObjects: 2.674800 ms  DeleteObjects: 0.030200 ms)

AssetImportParameters requested are different than current active one (requested -> active):
  custom:framework-win-MediaFoundation: 216162199b28c13a410421893ffa2e32 -> 
  custom:video-decoder-ogg-theora: a1e56fd34408186e4bbccfd4996cb3dc -> 
  custom:container-muxer-webm: aa71ff27fc2769a1b78a27578f13a17b -> 
  custom:container-demuxer-webm: 4f35f7cbe854078d1ac9338744f61a02 -> 
  custom:container-demuxer-ogg: 62fdf1f143b41e24485cea50d1cbac27 -> 
  custom:video-encoder-webm-vp8: eb34c28f22e8b96e1ab97ce403110664 -> 
  custom:video-decoder-webm-vp8: 9c59270c3fd7afecdb556c50c9e8de78 -> 
  custom:audio-decoder-ogg-vorbis: bf7c407c2cedff20999df2af8eb42d56 -> 
  custom:audio-encoder-webm-vorbis: bf7c407c2cedff20999df2af8eb42d56 -> 
========================================================================
Received Prepare
Registering precompiled user dll's ...
Registered in 0.005143 seconds.
Begin MonoManager ReloadAssembly
Native extension for WindowsStandalone target not found
Refreshing native plugins compatible for Editor in 0.48 ms, found 3 plugins.
Preloading 0 native plugins for Editor in 0.00 ms.
Mono: successfully reloaded assembly
- Completed reload, in  0.994 seconds
Domain Reload Profiling:
	ReloadAssembly (995ms)
		BeginReloadAssembly (115ms)
			ExecutionOrderSort (0ms)
			DisableScriptedObjects (6ms)
			BackupInstance (0ms)
			ReleaseScriptingObjects (0ms)
			CreateAndSetChildDomain (35ms)
		EndReloadAssembly (818ms)
			LoadAssemblies (87ms)
			RebuildTransferFunctionScriptingTraits (0ms)
			SetupTypeCache (288ms)
			ReleaseScriptCaches (1ms)
			RebuildScriptCaches (42ms)
			SetupLoadedEditorAssemblies (300ms)
				LogAssemblyErrors (0ms)
				InitializePlatformSupportModulesInManaged (4ms)
				SetLoadedEditorAssemblies (0ms)
				RefreshPlugins (1ms)
				BeforeProcessingInitializeOnLoad (79ms)
				ProcessInitializeOnLoadAttributes (197ms)
				ProcessInitializeOnLoadMethodAttributes (11ms)
				AfterProcessingInitializeOnLoad (6ms)
				EditorAssembliesLoaded (0ms)
			ExecutionOrderSort2 (0ms)
			AwakeInstancesAfterBackupRestoration (8ms)
Platform modules already initialized, skipping
Refreshing native plugins compatible for Editor in 0.47 ms, found 3 plugins.
Preloading 0 native plugins for Editor in 0.00 ms.
Unloading 2183 Unused Serialized files (Serialized files now loaded: 0)
System memory in use before: 98.7 MB.
System memory in use after: 98.8 MB.

Unloading 17 unused Assets to reduce memory usage. Loaded Objects now: 2716.
Total: 3.049400 ms (FindLiveObjects: 0.193600 ms CreateObjectMapping: 0.076400 ms MarkObjects: 2.762400 ms  DeleteObjects: 0.016000 ms)

AssetImportParameters requested are different than current active one (requested -> active):
  custom:framework-win-MediaFoundation: 216162199b28c13a410421893ffa2e32 -> 
  custom:video-decoder-ogg-theora: a1e56fd34408186e4bbccfd4996cb3dc -> 
  custom:container-muxer-webm: aa71ff27fc2769a1b78a27578f13a17b -> 
  custom:container-demuxer-webm: 4f35f7cbe854078d1ac9338744f61a02 -> 
  custom:container-demuxer-ogg: 62fdf1f143b41e24485cea50d1cbac27 -> 
  custom:video-encoder-webm-vp8: eb34c28f22e8b96e1ab97ce403110664 -> 
  custom:video-decoder-webm-vp8: 9c59270c3fd7afecdb556c50c9e8de78 -> 
  custom:audio-decoder-ogg-vorbis: bf7c407c2cedff20999df2af8eb42d56 -> 
  custom:audio-encoder-webm-vorbis: bf7c407c2cedff20999df2af8eb42d56 -> 
========================================================================
Received Prepare
Registering precompiled user dll's ...
Registered in 0.005178 seconds.
Begin MonoManager ReloadAssembly
Native extension for WindowsStandalone target not found
Refreshing native plugins compatible for Editor in 0.56 ms, found 3 plugins.
Preloading 0 native plugins for Editor in 0.00 ms.
Mono: successfully reloaded assembly
- Completed reload, in  0.992 seconds
Domain Reload Profiling:
	ReloadAssembly (992ms)
		BeginReloadAssembly (105ms)
			ExecutionOrderSort (0ms)
			DisableScriptedObjects (6ms)
			BackupInstance (0ms)
			ReleaseScriptingObjects (0ms)
			CreateAndSetChildDomain (34ms)
		EndReloadAssembly (827ms)
			LoadAssemblies (86ms)
			RebuildTransferFunctionScriptingTraits (0ms)
			SetupTypeCache (294ms)
			ReleaseScriptCaches (1ms)
			RebuildScriptCaches (47ms)
			SetupLoadedEditorAssemblies (302ms)
				LogAssemblyErrors (0ms)
				InitializePlatformSupportModulesInManaged (4ms)
				SetLoadedEditorAssemblies (1ms)
				RefreshPlugins (1ms)
				BeforeProcessingInitializeOnLoad (93ms)
				ProcessInitializeOnLoadAttributes (185ms)
				ProcessInitializeOnLoadMethodAttributes (11ms)
				AfterProcessingInitializeOnLoad (7ms)
				EditorAssembliesLoaded (0ms)
			ExecutionOrderSort2 (0ms)
			AwakeInstancesAfterBackupRestoration (9ms)
Platform modules already initialized, skipping
Refreshing native plugins compatible for Editor in 0.49 ms, found 3 plugins.
Preloading 0 native plugins for Editor in 0.00 ms.
Unloading 2183 Unused Serialized files (Serialized files now loaded: 0)
System memory in use before: 98.7 MB.
System memory in use after: 98.9 MB.

Unloading 17 unused Assets to reduce memory usage. Loaded Objects now: 2718.
Total: 2.965800 ms (FindLiveObjects: 0.213500 ms CreateObjectMapping: 0.117500 ms MarkObjects: 2.602100 ms  DeleteObjects: 0.032000 ms)

AssetImportParameters requested are different than current active one (requested -> active):
  custom:framework-win-MediaFoundation: 216162199b28c13a410421893ffa2e32 -> 
  custom:video-decoder-ogg-theora: a1e56fd34408186e4bbccfd4996cb3dc -> 
  custom:container-muxer-webm: aa71ff27fc2769a1b78a27578f13a17b -> 
  custom:container-demuxer-webm: 4f35f7cbe854078d1ac9338744f61a02 -> 
  custom:container-demuxer-ogg: 62fdf1f143b41e24485cea50d1cbac27 -> 
  custom:video-encoder-webm-vp8: eb34c28f22e8b96e1ab97ce403110664 -> 
  custom:video-decoder-webm-vp8: 9c59270c3fd7afecdb556c50c9e8de78 -> 
  custom:audio-decoder-ogg-vorbis: bf7c407c2cedff20999df2af8eb42d56 -> 
  custom:audio-encoder-webm-vorbis: bf7c407c2cedff20999df2af8eb42d56 -> 
========================================================================
Received Prepare
Registering precompiled user dll's ...
Registered in 0.006484 seconds.
Begin MonoManager ReloadAssembly
Native extension for WindowsStandalone target not found
Refreshing native plugins compatible for Editor in 0.51 ms, found 3 plugins.
Preloading 0 native plugins for Editor in 0.00 ms.
Mono: successfully reloaded assembly
- Completed reload, in  1.000 seconds
Domain Reload Profiling:
	ReloadAssembly (1001ms)
		BeginReloadAssembly (122ms)
			ExecutionOrderSort (0ms)
			DisableScriptedObjects (6ms)
			BackupInstance (0ms)
			ReleaseScriptingObjects (0ms)
			CreateAndSetChildDomain (32ms)
		EndReloadAssembly (818ms)
			LoadAssemblies (87ms)
			RebuildTransferFunctionScriptingTraits (0ms)
			SetupTypeCache (295ms)
			ReleaseScriptCaches (1ms)
			RebuildScriptCaches (40ms)
			SetupLoadedEditorAssemblies (296ms)
				LogAssemblyErrors (0ms)
				InitializePlatformSupportModulesInManaged (4ms)
				SetLoadedEditorAssemblies (0ms)
				RefreshPlugins (1ms)
				BeforeProcessingInitializeOnLoad (81ms)
				ProcessInitializeOnLoadAttributes (192ms)
				ProcessInitializeOnLoadMethodAttributes (11ms)
				AfterProcessingInitializeOnLoad (7ms)
				EditorAssembliesLoaded (0ms)
			ExecutionOrderSort2 (0ms)
			AwakeInstancesAfterBackupRestoration (10ms)
Platform modules already initialized, skipping
Refreshing native plugins compatible for Editor in 0.53 ms, found 3 plugins.
Preloading 0 native plugins for Editor in 0.00 ms.
Unloading 2183 Unused Serialized files (Serialized files now loaded: 0)
System memory in use before: 98.7 MB.
System memory in use after: 98.9 MB.

Unloading 17 unused Assets to reduce memory usage. Loaded Objects now: 2720.
Total: 2.719300 ms (FindLiveObjects: 0.165300 ms CreateObjectMapping: 0.086600 ms MarkObjects: 2.452200 ms  DeleteObjects: 0.014700 ms)

AssetImportParameters requested are different than current active one (requested -> active):
  custom:framework-win-MediaFoundation: 216162199b28c13a410421893ffa2e32 -> 
  custom:video-decoder-ogg-theora: a1e56fd34408186e4bbccfd4996cb3dc -> 
  custom:container-muxer-webm: aa71ff27fc2769a1b78a27578f13a17b -> 
  custom:container-demuxer-webm: 4f35f7cbe854078d1ac9338744f61a02 -> 
  custom:container-demuxer-ogg: 62fdf1f143b41e24485cea50d1cbac27 -> 
  custom:video-encoder-webm-vp8: eb34c28f22e8b96e1ab97ce403110664 -> 
  custom:video-decoder-webm-vp8: 9c59270c3fd7afecdb556c50c9e8de78 -> 
  custom:audio-decoder-ogg-vorbis: bf7c407c2cedff20999df2af8eb42d56 -> 
  custom:audio-encoder-webm-vorbis: bf7c407c2cedff20999df2af8eb42d56 -> 
========================================================================
Received Prepare
Registering precompiled user dll's ...
Registered in 0.005335 seconds.
Begin MonoManager ReloadAssembly
Native extension for WindowsStandalone target not found
Refreshing native plugins compatible for Editor in 0.44 ms, found 3 plugins.
Preloading 0 native plugins for Editor in 0.00 ms.
Mono: successfully reloaded assembly
- Completed reload, in  0.962 seconds
Domain Reload Profiling:
	ReloadAssembly (962ms)
		BeginReloadAssembly (112ms)
			ExecutionOrderSort (0ms)
			DisableScriptedObjects (6ms)
			BackupInstance (0ms)
			ReleaseScriptingObjects (0ms)
			CreateAndSetChildDomain (36ms)
		EndReloadAssembly (790ms)
			LoadAssemblies (96ms)
			RebuildTransferFunctionScriptingTraits (0ms)
			SetupTypeCache (281ms)
			ReleaseScriptCaches (1ms)
			RebuildScriptCaches (41ms)
			SetupLoadedEditorAssemblies (276ms)
				LogAssemblyErrors (0ms)
				InitializePlatformSupportModulesInManaged (4ms)
				SetLoadedEditorAssemblies (0ms)
				RefreshPlugins (0ms)
				BeforeProcessingInitializeOnLoad (76ms)
				ProcessInitializeOnLoadAttributes (178ms)
				ProcessInitializeOnLoadMethodAttributes (10ms)
				AfterProcessingInitializeOnLoad (6ms)
				EditorAssembliesLoaded (0ms)
			ExecutionOrderSort2 (0ms)
			AwakeInstancesAfterBackupRestoration (8ms)
Platform modules already initialized, skipping
Refreshing native plugins compatible for Editor in 0.51 ms, found 3 plugins.
Preloading 0 native plugins for Editor in 0.00 ms.
Unloading 2183 Unused Serialized files (Serialized files now loaded: 0)
System memory in use before: 98.7 MB.
System memory in use after: 98.9 MB.

Unloading 17 unused Assets to reduce memory usage. Loaded Objects now: 2722.
Total: 2.923900 ms (FindLiveObjects: 0.185600 ms CreateObjectMapping: 0.081700 ms MarkObjects: 2.639100 ms  DeleteObjects: 0.016900 ms)

AssetImportParameters requested are different than current active one (requested -> active):
  custom:framework-win-MediaFoundation: 216162199b28c13a410421893ffa2e32 -> 
  custom:video-decoder-ogg-theora: a1e56fd34408186e4bbccfd4996cb3dc -> 
  custom:container-muxer-webm: aa71ff27fc2769a1b78a27578f13a17b -> 
  custom:container-demuxer-webm: 4f35f7cbe854078d1ac9338744f61a02 -> 
  custom:container-demuxer-ogg: 62fdf1f143b41e24485cea50d1cbac27 -> 
  custom:video-encoder-webm-vp8: eb34c28f22e8b96e1ab97ce403110664 -> 
  custom:video-decoder-webm-vp8: 9c59270c3fd7afecdb556c50c9e8de78 -> 
  custom:audio-decoder-ogg-vorbis: bf7c407c2cedff20999df2af8eb42d56 -> 
  custom:audio-encoder-webm-vorbis: bf7c407c2cedff20999df2af8eb42d56 -> 
========================================================================
Received Import Request.
  Time since last request: 7087.895444 seconds.
  path: Assets/遊戲場景素材/Tiles/6.png
  artifactKey: Guid(51e6d6e4d4b5a764a8cb0d5f21490e0e) Importer(815301076,1909f56bfc062723c751e8b465ee728b)
Start importing Assets/遊戲場景素材/Tiles/6.png using Guid(51e6d6e4d4b5a764a8cb0d5f21490e0e) Importer(815301076,1909f56bfc062723c751e8b465ee728b)  -> (artifact id: '20700154fcc254a079871c7fc675c3b5') in 0.070776 seconds 
  Import took 0.075013 seconds .

========================================================================
Received Import Request.
  Time since last request: 6.282733 seconds.
  path: Assets/遊戲場景素材/Tiles/1.png
  artifactKey: Guid(2f1fc754431c2f349a13d1a5dda9a882) Importer(815301076,1909f56bfc062723c751e8b465ee728b)
Start importing Assets/遊戲場景素材/Tiles/1.png using Guid(2f1fc754431c2f349a13d1a5dda9a882) Importer(815301076,1909f56bfc062723c751e8b465ee728b)  -> (artifact id: '88ff6ff90a04472e07c0bd1e7d4385f5') in 0.014003 seconds 
  Import took 0.017653 seconds .

========================================================================
Received Import Request.
  Time since last request: 36.221078 seconds.
  path: Assets/遊戲場景素材/Tiles/2.png
  artifactKey: Guid(7340d098bac407b489991755b4f43733) Importer(815301076,1909f56bfc062723c751e8b465ee728b)
Start importing Assets/遊戲場景素材/Tiles/2.png using Guid(7340d098bac407b489991755b4f43733) Importer(815301076,1909f56bfc062723c751e8b465ee728b)  -> (artifact id: 'cc811abf662bb2651022d65788d72a1b') in 0.012727 seconds 
  Import took 0.016439 seconds .

========================================================================
Received Import Request.
  Time since last request: 4.039079 seconds.
  path: Assets/遊戲場景素材/Tiles/3.png
  artifactKey: Guid(bf9064703c64cd540b41727c06191f07) Importer(815301076,1909f56bfc062723c751e8b465ee728b)
Start importing Assets/遊戲場景素材/Tiles/3.png using Guid(bf9064703c64cd540b41727c06191f07) Importer(815301076,1909f56bfc062723c751e8b465ee728b)  -> (artifact id: '6d6e65a8b563500e04be2dbcb801007b') in 0.010906 seconds 
  Import took 0.015023 seconds .

========================================================================
Received Import Request.
  Time since last request: 1.584902 seconds.
  path: Assets/遊戲場景素材/Tiles/1.png
  artifactKey: Guid(2f1fc754431c2f349a13d1a5dda9a882) Importer(815301076,1909f56bfc062723c751e8b465ee728b)
Start importing Assets/遊戲場景素材/Tiles/1.png using Guid(2f1fc754431c2f349a13d1a5dda9a882) Importer(815301076,1909f56bfc062723c751e8b465ee728b)  -> (artifact id: '0b864af6cec04778eadadb6a36a9be42') in 0.010559 seconds 
  Import took 0.014211 seconds .

========================================================================
Received Import Request.
  Time since last request: 1.073464 seconds.
  path: Assets/遊戲場景素材/Tiles/18.png
  artifactKey: Guid(bb359ad76232d3d46afdb13466644dd1) Importer(815301076,1909f56bfc062723c751e8b465ee728b)
Start importing Assets/遊戲場景素材/Tiles/18.png using Guid(bb359ad76232d3d46afdb13466644dd1) Importer(815301076,1909f56bfc062723c751e8b465ee728b)  -> (artifact id: '742faac0b2cdaaffa16e87efe1a3ec48') in 0.010734 seconds 
  Import took 0.014328 seconds .

========================================================================
Received Import Request.
  Time since last request: 2.964540 seconds.
  path: Assets/遊戲場景素材/Tiles/4.png
  artifactKey: Guid(c4fec3e5dc72fd446bb1c38ced3c21d5) Importer(815301076,1909f56bfc062723c751e8b465ee728b)
Start importing Assets/遊戲場景素材/Tiles/4.png using Guid(c4fec3e5dc72fd446bb1c38ced3c21d5) Importer(815301076,1909f56bfc062723c751e8b465ee728b)  -> (artifact id: '8049b867bf15911142a37044bdd498ed') in 0.012437 seconds 
  Import took 0.016490 seconds .

========================================================================
Received Import Request.
  Time since last request: 0.709197 seconds.
  path: Assets/遊戲場景素材/Tiles/5.png
  artifactKey: Guid(e86f82c91f5d9aa4e9f283f2dbedca1b) Importer(815301076,1909f56bfc062723c751e8b465ee728b)
Start importing Assets/遊戲場景素材/Tiles/5.png using Guid(e86f82c91f5d9aa4e9f283f2dbedca1b) Importer(815301076,1909f56bfc062723c751e8b465ee728b)  -> (artifact id: '5e8614365679423ad6b6ad63dd563621') in 0.011917 seconds 
  Import took 0.016105 seconds .

========================================================================
Received Import Request.
  Time since last request: 1.159291 seconds.
  path: Assets/遊戲場景素材/Tiles/7.png
  artifactKey: Guid(cace50763aadb1c48bcfef23c4511123) Importer(815301076,1909f56bfc062723c751e8b465ee728b)
Start importing Assets/遊戲場景素材/Tiles/7.png using Guid(cace50763aadb1c48bcfef23c4511123) Importer(815301076,1909f56bfc062723c751e8b465ee728b)  -> (artifact id: '07fbde394f593ed10216ce0ac2e6ecac') in 0.012844 seconds 
  Import took 0.016657 seconds .

========================================================================
Received Import Request.
  Time since last request: 0.575371 seconds.
  path: Assets/遊戲場景素材/Tiles/8.png
  artifactKey: Guid(d16666b50a74cae478bb8e11c96d40c5) Importer(815301076,1909f56bfc062723c751e8b465ee728b)
Start importing Assets/遊戲場景素材/Tiles/8.png using Guid(d16666b50a74cae478bb8e11c96d40c5) Importer(815301076,1909f56bfc062723c751e8b465ee728b)  -> (artifact id: '0413154e87d83bca233e9a0d5e4a2f1f') in 0.013313 seconds 
  Import took 0.016932 seconds .

========================================================================
Received Import Request.
  Time since last request: 1.247178 seconds.
  path: Assets/遊戲場景素材/Tiles/9.png
  artifactKey: Guid(f2b6a2b62a087e54a884d29105e610e6) Importer(815301076,1909f56bfc062723c751e8b465ee728b)
Start importing Assets/遊戲場景素材/Tiles/9.png using Guid(f2b6a2b62a087e54a884d29105e610e6) Importer(815301076,1909f56bfc062723c751e8b465ee728b)  -> (artifact id: 'fe55317b0e73609ccd0fc18d1f2b36fc') in 0.012414 seconds 
  Import took 0.015831 seconds .

========================================================================
Received Import Request.
  Time since last request: 0.447663 seconds.
  path: Assets/遊戲場景素材/Tiles/10.png
  artifactKey: Guid(9a9feebec7bbd394186bd085e8e1214c) Importer(815301076,1909f56bfc062723c751e8b465ee728b)
Start importing Assets/遊戲場景素材/Tiles/10.png using Guid(9a9feebec7bbd394186bd085e8e1214c) Importer(815301076,1909f56bfc062723c751e8b465ee728b)  -> (artifact id: '2217e4254f12c6be8c0e264bd029e15e') in 0.010174 seconds 
  Import took 0.013772 seconds .

========================================================================
Received Import Request.
  Time since last request: 0.450174 seconds.
  path: Assets/遊戲場景素材/Tiles/11.png
  artifactKey: Guid(e5b4218c0e0e954408042929e28c7aba) Importer(815301076,1909f56bfc062723c751e8b465ee728b)
Start importing Assets/遊戲場景素材/Tiles/11.png using Guid(e5b4218c0e0e954408042929e28c7aba) Importer(815301076,1909f56bfc062723c751e8b465ee728b)  -> (artifact id: '8b1b3026531e4cd40ef74b1635d294bf') in 0.012384 seconds 
  Import took 0.016151 seconds .

========================================================================
Received Import Request.
  Time since last request: 0.464037 seconds.
  path: Assets/遊戲場景素材/Tiles/12.png
  artifactKey: Guid(9ea55177154bd7249a56af58804e6fe8) Importer(815301076,1909f56bfc062723c751e8b465ee728b)
Start importing Assets/遊戲場景素材/Tiles/12.png using Guid(9ea55177154bd7249a56af58804e6fe8) Importer(815301076,1909f56bfc062723c751e8b465ee728b)  -> (artifact id: '174a07d8639b025e0b04caf369adfbd0') in 0.010710 seconds 
  Import took 0.014160 seconds .

========================================================================
Received Import Request.
  Time since last request: 0.641920 seconds.
  path: Assets/遊戲場景素材/Tiles/13.png
  artifactKey: Guid(9fdee389e0d6fcd49b4ed0eb4c21a0b1) Importer(815301076,1909f56bfc062723c751e8b465ee728b)
Start importing Assets/遊戲場景素材/Tiles/13.png using Guid(9fdee389e0d6fcd49b4ed0eb4c21a0b1) Importer(815301076,1909f56bfc062723c751e8b465ee728b)  -> (artifact id: '03a8a08b17df35e5a939d882927844ec') in 0.020192 seconds 
  Import took 0.024191 seconds .

========================================================================
Received Import Request.
  Time since last request: 0.447799 seconds.
  path: Assets/遊戲場景素材/Tiles/14.png
  artifactKey: Guid(c1065e46bdcb99b43a2359ccc5c050fd) Importer(815301076,1909f56bfc062723c751e8b465ee728b)
Start importing Assets/遊戲場景素材/Tiles/14.png using Guid(c1065e46bdcb99b43a2359ccc5c050fd) Importer(815301076,1909f56bfc062723c751e8b465ee728b)  -> (artifact id: 'e6e14d41beb83ef9e73bf69192f307f0') in 0.013758 seconds 
  Import took 0.017959 seconds .

========================================================================
Received Import Request.
  Time since last request: 0.428923 seconds.
  path: Assets/遊戲場景素材/Tiles/15.png
  artifactKey: Guid(9d427c62976f3e841a9ab57238ff4b0a) Importer(815301076,1909f56bfc062723c751e8b465ee728b)
Start importing Assets/遊戲場景素材/Tiles/15.png using Guid(9d427c62976f3e841a9ab57238ff4b0a) Importer(815301076,1909f56bfc062723c751e8b465ee728b)  -> (artifact id: '7fb756832fd81606b0a5fc35b436ad2b') in 0.011186 seconds 
  Import took 0.015013 seconds .

========================================================================
Received Import Request.
  Time since last request: 0.504946 seconds.
  path: Assets/遊戲場景素材/Tiles/16.png
  artifactKey: Guid(ebbd66234f864eb44990bcb4bc013b77) Importer(815301076,1909f56bfc062723c751e8b465ee728b)
Start importing Assets/遊戲場景素材/Tiles/16.png using Guid(ebbd66234f864eb44990bcb4bc013b77) Importer(815301076,1909f56bfc062723c751e8b465ee728b)  -> (artifact id: 'c9a7c3d9c4dab667655448f0967082c6') in 0.010944 seconds 
  Import took 0.015351 seconds .

========================================================================
Received Import Request.
  Time since last request: 0.432650 seconds.
  path: Assets/遊戲場景素材/Tiles/17.png
  artifactKey: Guid(e2bd7904c8a21834799330ce954b1dea) Importer(815301076,1909f56bfc062723c751e8b465ee728b)
Start importing Assets/遊戲場景素材/Tiles/17.png using Guid(e2bd7904c8a21834799330ce954b1dea) Importer(815301076,1909f56bfc062723c751e8b465ee728b)  -> (artifact id: 'd849bd0ece4df58acdc6da12779de749') in 0.010760 seconds 
  Import took 0.014257 seconds .

AssetImportWorkerClient::OnTransportError - code=2 error=End of file
